INFO:root:("F2 R' U' D2 F' R2 F L2 B' U' R2 D F2 R2 D2 R2 D R2 B2 D2 F2", "F2 L2 D' B' R' U D R R2 U D2 D' L' U' L' U2 L U' L U' R2 U R2 B2 D' L2 U' R2 D2", 29, 0.00331313799997085)
INFO:root:("D2 R2 B2 U B2 D2 F2 L2 F2 B' U' B2 U' B' F2 R D' U2", "U D R L2 F' R' U R U2 R2  R U2 D2 R' U2 D2 R' B2 U L2 D2 R2 D F2 L2 U' R2 F2 U2", 29, 0.003017856000030128)
INFO:root:("D' R2 U2 B F2 U2 B2 U2 L2 B U2 L2 R U R' U' F2 R' B U2", "U' F2 U L2 F R2 D F2 R' F2   U' F2 U' B2 L2 B2 L2 U F2 U F2", 21, 0.0031014940000805014)
INFO:root:("L2 B L2 D2 L' B L U F2 R2 L2 U R2 L2 F2 U' B2 L2 D' B' D", "U' F' D L2 F U2 R D' R F2   U D B2 U' F2 U R2 D' R2 U B2 R2 L2 D", 24, 0.0002581920000181148)
INFO:root:("D' R2 F' R2 F U' R D2 L F D2 L2 U R2 B2 D L2 U2 B2 R2 L2", "F' L2 U D F' U' L D2 R' U' F2 D R' U' R U2 R U' D R2 U R' L2 B2 U' F2 B2 R2 U B2 D2 B2", 32, 0.012282174000062013)
INFO:root:("F L U2 L2 F' R2 U2 B2 D2 R2 U2 B R2 B2 U' R' B' L D F U'", "U' B2 L' F' R' D' F2 R' F2 U2 D R U2 D2 R' U2 D2 R' D R2 F2 R2 B2 U F2 B2 U L2 B2", 29, 0.002014712000345753)
INFO:root:("L2 B2 R2 F2 R2 U L2 U2 B2 U' L' D2 F' L' U F2 U' B2 U' L'", "F2 R D2 L' B L2 F2 U R U R2  L U' D' L U D L' U' R2 B2 R2 L2 D R2 U' F2 B2 U2 B2 D'", 31, 0.002506789000108256)
INFO:root:("U L' B2 D B2 D' F2 U' B2 U' R2 U F2 U' B L2 U2 F2 D L R2", "U' R D R B L2 D R L' U' R2 D' L' U' L R2 D' R2 U' L' U2 L R2 F2 U R2 U' R2 L2 U2 B2 U D R2", 34, 0.0030997669998669153)
INFO:root:("B2 L2 U2 B2 U' L2 B2 U2 R2 U R2 U L D' U2 L2 R2 B' L F' R", "R F L' B L2 U2 D L U R2  U' L' D' L' D2 L D' L U' R2 D' F2 D2 F2 U R2 F2 U' F2 D", 30, -0.00023832700026105158)
INFO:root:("L2 D' L2 R2 B2 U F2 U2 B2 R2 D' L U F' L R B R2 D R U'", "U' B2 L' F B R U R L' F2 U R U2 D2 R' U2 D2 R' B2 D' L2 U' F2 U2 B2 R2 L2 D L2 D B2", 31, 0.0038309489991661394)
INFO:root:("D' B2 R' D2 L2 D2 L U2 L' F2 R2 D F' L' B' U' B2 D' R2 B", "D L' B L2 F D' L' U R R2 U2 R' U2 R' U D R2 U2 R' U' R U2 L2 B2 R2 D' L2 F2 B2 D2 R2 U' R2", 33, 0.005952947999276148)
INFO:root:("U D B' D2 L' B2 R D' L2 D R2 U2 L2 B2 U' F2 U' R2 L2 B' U", "U' B L' F' R L' D' L' F2 U' D2 D' L' U' L' U2 L U' L F2 U R2 U2 F2 D' R2 D' B2 D F2 B2 D", 32, 0.0071019339993654285)
INFO:root:("L' F2 R2 B2 D2 B' L2 D2 F' R2 B2 L2 R' U F' R D' U' R", '', 9001, 0.006866729999958743)
INFO:root:("D2 R' L B' R' D' B F2 U2 L2 U' B2 D' L2 F2 D B2 D R F'", "R2 D' L' F' R' U' R L U R2 U2 U R U D2 R' U' D2 R' B2 D' R2 U' R2 L2 D' B2 D B2 D2", 30, 0.00839759100002449)
INFO:root:("D' R L' U' D2 F2 L F U2 L2 B R2 U2 B2 D2 F D2 R2 B D' B'", "D B2 R2 F' D L' U2 R F2 U2 D2 R' U' L2 U2 D' R' D L2 U' R F2 U' B2 U2 F2 D F2 D' B2 D2", 31, 0.0002802879999990182)
INFO:root:("R' B D' B2 F2 D L2 D U' L2 F2 U2 F' U R' U2 R2 F' D' L", "F U2 R' L' F L U B2 L' F2  R U2 D2 R' U2 D2 R' U R2 U' F2 L2 B2 U2 R2 U2 D' L2 U B2 R2", 31, 0.003094397999972104)
INFO:root:("U2 R2 B' L2 B' U2 B' R2 B2 L2 D F' L' F D2 U B' D R'", "F R' B D' F R L' D R R2 U L' U' L2 D2 L U2 D' L U' L U2 R2 D L2 U2 F2 U2 B2 L2 D2 L2 D' B2", 34, 0.0037229769998534945)
INFO:root:("F2 L2 D' F2 L2 D B2 L2 D' F2 L2 U' B' D' L' B' R' F2 L U' B2", "U B2 U B' R' L' D L F2  R U' D R U' R' U2 D' R' F2 L2 D F2 U' B2 D L2 D F2 D' R2 D", 31, -0.0008554580003874435)
INFO:root:("D B' D' B2 D' B2 L2 U' B2 F2 L2 D2 F' L F' R' U L2 F", "D' L2 U' F B2 L' D R F2 D L U' D' L U D L' R2 U' F2 R2 U F2 B2 L2 D2 R2 U B2 U2", 30, 0.0027776350002568506)
INFO:root:("B2 F L2 D F2 D R2 B2 U2 L D2 B' L2 D2 F2 D L2 U", "U' F' L2 D B F2 L2 D2 L F2 U2 L U' D' L U D L' U2 F2 L2 U' R2 F2 D F2 D' B2 D2", 29, 0.004827780999676179)
INFO:root:("F U2 R' F2 U L B2 U2 F R2 F2 D R2 U F2 U R2 D B2 L2 B2", "U' B2 R2 B R' L' U L F2 U' R U L2 U2 L' U R' U' L' U2 L2 U' F2 U L2 F2 L2 F2 U F2 U2 L2", 32, -0.0006178389994602185)
INFO:root:("R2 B2 D2 F2 D R2 D2 B2 D F2 U F2 R' B D F L2 F R' U'", "B2 L' U2 B U' F2 L2 R' U' R2 D' R U2 D2 R' U2 D2 R' D' R2 F2 D' R2 F2 U2 R2 L2 F2 U' B2", 30, 0.0008547350007575005)
INFO:root:("F D R L2 D2 U2 F' R2 U2 F' D2 R2 U2 L U B' R2 U' L2 B2", "F' D' F' R' B D' R' B2 L' R2 D R U R' U2 D R2 U2 R' U' R' D L2 B2 D' R2 L2 U L2 D2 B2 U2", 32, 0.00108656699921994)
INFO:root:("F2 D B2 R2 D U R2 B2 F2 U F L' R2 F D R' D U2 B'", "R L' D' B D2 L' R2  L' U L U' L U' D2 L U L' L2 D L2 U' R2 B2 U' F2 R2 D L2 D", 29, 0.0026540530016063713)
INFO:root:("U R B L2 D U2 F2 L2 F2 U' L2 D' L2 R' B2 R' B' D' R2 D'", "R2 D F B' D R' F2 R U R2 U L U' D' L U D L' F2 U' R2 U F2 U2 R2 U' L2 D'", 28, -0.0027746420018956997)
INFO:root:("B' U2 F2 R' U2 F' U B2 R' B2 R B2 R' U2 F2 L2 F2 R D2 B", "U F' U2 R B' D2 L2 D' L F2 D' L U' D' L U D L' R2 D2 F2 R2 U L2 D' F2 R2 U F2 D2", 30, 0.001022445001581218)
INFO:root:("B' R' U B2 R2 B L2 U2 F2 D2 F2 U2 L2 U' L' D2 F' L D' B'", "B' D' R U B U2 L2 B2 L F2  D R U2 D R' U2 D' R' L2 F2 L2 D F2 R2 U B2 U' L2 U F2 U2", 31, 0.013339159002083628)
INFO:root:("F2 R' U' B2 D2 F2 L2 D U2 L2 B2 U R2 F D U' R2 F L' D U2", "U F2 B' U2 R F D R U' L' F2 D' D R U2 D R' U2 D' R' D' F2 U F2 D' L2 U B2 R2 B2 D L2", 32, 0.007593682999413431)
INFO:root:("B' D F2 L2 D F2 U' L2 B2 U2 F2 R' F' L2 R U' L2 U R", "U D B U' R2 F' R F2 D R F2 U L U L' U2 D' L2 U2 L' U' L' U F2 U R2 L2 U B2 D' R2 L2", 32, 0.0006521219970636594)
INFO:root:("F2 R F2 D F2 R2 U2 F2 D B2 L2 D2 B' F' R' D' R' D2 L' D2", "D' L' F' B U' R F2 L' R2 U2 D' L U R U' L U2 L2 U' R' D2 L2 F2 U' B2 D R2 B2 R2", 29, -0.0038248560013016686)
INFO:root:("R U2 F R U F2 U B' L U2 B L2 B' D2 B' U2 R2 L2 B' U2", "U2 L' F D2 L' B2 R F2 U2 D L U' L' D' L2 U2 L' U' L' L2 B2 D' F2 U2 B2 R2 U' L2 U B2", 30, -0.0006791360065108165)
INFO:root:("R2 D2 L2 B' U2 L2 F D2 F' U2 L R' B D' U2 R' D L' U R'", "U F2 R2 D2 B R' D2 L F2 U' R U L2 U2 L' U R' U' L' U D2 B2 D R2 F2 R2 L2 D B2 U2 R2 U", 32, 0.0018291629967279732)
INFO:root:("F2 U2 B' L2 U2 F' R2 B' D2 U2 F2 R' B' U2 B2 L D' U' B' D F", "U' L' B' L2 F' L' U' B2 R' F2 U' D2 R U2 D2 R' U2 D2 R' D' F2 U R2 F2 R2 U L2 F2 U R2", 30, -0.003734365000127582)
INFO:root:("F' D2 B2 R L2 F' L2 D' R U2 F2 R2 L2 D' F2 D' B2 R2 B2 R2", "U R' B' U2 D' F' U' R' D' R R2 U2 D2 R' U2 D2 R' U R2 U D2 R U2 R2 D' L2 U R2 U2 B2 U' R2", 32, 0.004250183999943147)
INFO:root:("F2 L2 R2 U L2 F2 L2 U2 B2 D' L2 R U L2 D B U B D2 L' R'", "F D F R' B2 D L R2  L' U' L2 D2 L U2 D' L U' L D' R2 U B2 U F2 L2 U F2 D L2 U2", 30, 1.995499769691378e-05)
INFO:root:("F R D2 B2 R2 U2 R D2 U2 R U2 R' U' B' U2 L D L F2 L'", "U2 F' D' L' B' R L U' L F2 U D L' U' D' L D R2 U L R2 L2 U' R2 F2 D R2 D R2 B2 U L2", 32, 0.0042273590006516315)
INFO:root:("U R' U' F L2 F D2 F' L' F2 U2 L2 D2 B' R2 F R2 F R2 F", "D2 L F' L U2 D' R R2 U D2 U' L' U D' R2 L2 D R2 U' L R2 L2 U L2 U' B2 U' D2 R2 U'", 30, -0.0014229029984562658)
INFO:root:("U' F' R2 D2 B' D2 R B' F2 D2 F2 U R2 B2 D F2 L2 U D2 L'", "U F D' R2 L2 F D' L2 B2 R R2 D L U' D' L U D L' R2 U2 R2 D F2 U F2 R2 B2 R2 B2 D", 31, 0.0009071390013559721)
INFO:root:("B' U2 L B' U2 D' L D2 B2 L2 D2 B' D2 B2 R2 U2 F2 D F2", "F2 D' F R' B R U F2 L' R2 U D2 R U2 D2 R' U2 D2 R' B2 L2 D2 L2 D' R2 U L2 U' L2 D F2 R2", 32, 0.0021469709972734563)
INFO:root:("D B2 L' R2 D2 B2 L2 U' R2 F2 D' F2 D2 U B' L F D' U' B2 U'", "R' D' F' B' R D R' L U F2 U' D2 U R U D2 R' U' D2 R' R2 U2 F2 D' B2 D' B2 R2 B2 D B2", 31, -0.0016069819999787183)
INFO:root:("B2 L2 D2 R U2 R' F2 U2 F2 L B2 U' F2 L B2 F' D F2 D2 L2", "R2 U B' R' U R L' R2  R U L2 U2 L' U R' U' L' F2 U' L2 B2 U' R2 F2 D' R2 B2 R2 B2 U' R2", 31, -0.00656739899997566)
INFO:root:("R2 U' B' U2 L2 B2 U L2 B2 U F2 L2 F2 D L' U R' F' D F2 D", "R' B U' D' F' R' L' D L F2 U2 D R U2 D2 R' U2 D2 R' R2 B2 U L2 U' F2 U' B2 D2 L2 B2 D' B2", 32, -0.011985388991888613)
