INFO:root:("F U2 R' F2 U L B2 U2 F R2 F2 D R2 U F2 U R2 D B2 L2 B2", "U' B2 R2 B R' L' U L F2 U' R U L2 U2 L' U R' U' L' U2 L2 U' F2 U L2 F2 L2 F2 U F2 U2 L2", 32, 167.17252683639526)
INFO:root:("F L U2 L2 F' R2 U2 B2 D2 R2 U2 B R2 B2 U' R' B' L D F U'", "U' L' F' R' U' B2 L F2  L' U R U2 R' U L R U R' R2 U R2 F2 D R2 U L2 B2 U2 R2 D' B2 L2", 32, 229.22487020492554)
INFO:root:("B' U2 F2 R' U2 F' U B2 R' B2 R B2 R' U2 F2 L2 F2 R D2 B", "F' U' R B L2 F2 U R F2 D2 L' U' L2 U' L' U2 D' L2 U' L' F2 U' D2 F2 R2 D R2 B2 R2 D R2 F2 U'", 33, 271.39937686920166)
INFO:root:("F2 R' U' D2 F' R2 F L2 B' U' R2 D F2 R2 D2 R2 D R2 B2 D2 F2", "F2 L2 D' B' R' U D R R2 U D2 D' L' U' L' U2 L U' L U' R2 U R2 B2 D' L2 U' R2 D2", 29, 383.63726115226746)
INFO:root:("R2 B2 D2 F2 D R2 D2 B2 D F2 U F2 R' B D F L2 F R' U'", "B' U2 R B F2 D' R F2 U D' L' U' D L2 R2 U R2 D' L B2 D' B2 D R2 L2 B2 D' R2 D R2 D' B2", 32, 377.717111825943)
INFO:root:("D2 R2 B2 U B2 D2 F2 L2 F2 B' U' B2 U' B' F2 R D' U2", "U' D2 R' B' U F2 D L' R2 U' D2 R' U2 D2 R' D R2 U2 D R R2 D B2 U2 R2 B2 D F2 R2 L2 U L2", 32, 426.3180739879608)
INFO:root:("R' B D' B2 F2 D L2 D U' L2 F2 U2 F' U R' U2 R2 F' D' L", "F U2 R' L' F L U B2 L' F2  R U2 D2 R' U2 D2 R' U R2 U' F2 L2 B2 U2 R2 U2 D' L2 U B2 R2", 31, 1251.019649028778)
INFO:root:("D' R2 U2 B F2 U2 B2 U2 L2 B U2 L2 R U R' U' F2 R' B U2", "F' L2 D F D2 L2 D' L' F2 U' D R U2 D R' U2 D' R' R2 F2 R2 L2 D F2 R2 D F2 D' B2", 29, 628.1440269947052)
INFO:root:("L2 B L2 D2 L' B L U F2 R2 L2 U R2 L2 F2 U' B2 L2 D' B' D", "U F2 R2 D' B' U2 R U2 R' F2 U' L U' L2 R2 U' L' R2 U D2 L D2 F2 R2 L2 U B2 U R2 U' D' B2 L2", 33, 672.7786209583282)
INFO:root:("L2 B2 R2 F2 R2 U L2 U2 B2 U' L' D2 F' L' U F2 U' B2 U' L'", "F2 U2 R' L F' D R2 F2 R' F2  R D L2 R' D R D2 L2 R' B2 U R2 B2 D R2 B2 U D2 F2 U L2 B2", 32, 2302.945384979248)
INFO:root:("F D R L2 D2 U2 F' R2 U2 F' D2 R2 U2 L U B' R2 U' L2 B2", "F' D' F' R' B D' R' B2 L' R2 D R U R' U2 D R2 U2 R' U' R' D L2 B2 D' R2 L2 U L2 D2 B2 U2", 32, 2080.2915880680084)
INFO:root:("U L' B2 D B2 D' F2 U' B2 U' R2 U F2 U' B L2 U2 F2 D L R2", '', 9001, 225.59618520736694)
INFO:root:("U2 R2 B' L2 B' U2 B' R2 B2 L2 D F' L' F D2 U B' D R'", "F R' B D' F R L' D R R2 U L' U' L2 D2 L U2 D' L U' L U2 R2 D L2 U2 F2 U2 B2 L2 D2 L2 D' B2", 34, 1635.5614399909973)
INFO:root:("B2 L2 U2 B2 U' L2 B2 U2 R2 U R2 U L D' U2 L2 R2 B' L F' R", "R F L' B L2 U2 D L U R2  U' L' D' L' D2 L D' L U' R2 D' F2 D2 F2 U R2 F2 U' F2 D", 30, 285.1226351261139)
INFO:root:("F2 D B2 R2 D U R2 B2 F2 U F L' R2 F D R' D U2 B'", "R L' D' B D2 L' R2  L' U L U' L U' D2 L U L' L2 D L2 U' R2 B2 U' F2 R2 D L2 D", 29, 561.12748503685)
INFO:root:("F2 L2 D' F2 L2 D B2 L2 D' F2 L2 U' B' D' L' B' R' F2 L U' B2", "U B2 U B' R' L' D L F2  R U' D R U' R' U2 D' R' F2 L2 D F2 U' B2 D L2 D F2 D' R2 D", 31, 343.7235791683197)
INFO:root:("U R B L2 D U2 F2 L2 F2 U' L2 D' L2 R' B2 R' B' D' R2 D'", "R2 D F B' D R' F2 R U R2 U L U' D' L U D L' F2 U' R2 U F2 U2 R2 U' L2 D'", 28, 315.45710587501526)
INFO:root:("D B' D' B2 D' B2 L2 U' B2 F2 L2 D2 F' L F' R' U L2 F", "F D' L2 F L U D R U R2 D L' U' L R2 D' R2 U' L' U2 L R2 U D2 F2 B2 R2 D L2 B2 D F2 L2 B2", 34, 291.76187205314636)
INFO:root:("D' R2 F' R2 F U' R D2 L F D2 L2 U R2 B2 D L2 U2 B2 R2 L2", '', 9001, 1653.2187778949738)
INFO:root:("L2 D' L2 R2 B2 U F2 U2 B2 R2 D' L U F' L R B R2 D R U'", '', 9001, 800.2746827602386)
INFO:root:("R U2 F R U F2 U B' L U2 B L2 B' D2 B' U2 R2 L2 B' U2", "U2 L' F D2 L' B2 R F2 U2 D L U' L' D' L2 U2 L' U' L' L2 B2 D' F2 U2 B2 R2 U' L2 U B2", 30, 257.2374119758606)
INFO:root:("D' B2 R' D2 L2 D2 L U2 L' F2 R2 D F' L' B' U' B2 D' R2 B", '', 9001, 3967.087249994278)
INFO:root:("B2 F L2 D F2 D R2 B2 U2 L D2 B' L2 D2 F2 D L2 U", "U F' B' D B L2 B2 U R F2 U' D2 R' U' R U2 R U' D R2 U R' F2 R2 L2 D' F2 B2 U D L2 B2", 32, 490.6238341331482)
INFO:root:("F2 L2 R2 U L2 F2 L2 U2 B2 D' L2 R U L2 D B U B D2 L' R'", "F D F R' B2 D L R2  L' U' L2 D2 L U2 D' L U' L D' R2 U B2 U F2 L2 U F2 D L2 U2", 30, 180.79370999336243)
INFO:root:("B2 L2 D2 R U2 R' F2 U2 F2 L B2 U' F2 L B2 F' D F2 D2 L2", "U R2 B L D' F2 R U' R2  U R U' R2 D2 R U2 R U' R' F2 R2 D' F2 D' F2 R2 F2 D L2 B2 D L2", 32, 354.24083518981934)
INFO:root:("U D B' D2 L' B2 R D' L2 D R2 U2 L2 B2 U' F2 U' R2 L2 B' U", "U B L' F R U B2 L F2 U' D2 L' U' L R2 D' R2 U' L' U2 L R2 L2 U' F2 D' L2 D F2 U' L2 F2 D2", 33, 576.2843079566956)
INFO:root:("R2 D2 L2 B' U2 L2 F D2 F' U2 L R' B D' U2 R' D L' U R'", "U F2 R2 D2 B R' D2 L F2 U' R U L2 U2 L' U R' U' L' U D2 B2 D R2 F2 R2 L2 D B2 U2 R2 U", 32, 760.6273550987244)
INFO:root:("U' F' R2 D2 B' D2 R B' F2 D2 F2 U R2 B2 D F2 L2 U D2 L'", "U F U2 D B' R2 F2 U L U F2 U2 D L' U' D' L D R2 U L R2 L2 D2 B2 U' L2 U' F2 U B2 D' L2", 33, 537.8442950248718)
INFO:root:("L' F2 R2 B2 D2 B' L2 D2 F' R2 B2 L2 R' U F' R D' U' R", '', 9001, 291.2182002067566)
INFO:root:("R2 U' B' U2 L2 B2 U L2 B2 U F2 L2 F2 D L' U R' F' D F2 D", "U R' B D' F' R D B2 L F2 U' R D R' U D2 R2 D2 R' D' R' D' F2 U' F2 L2 U' R2 U2 R2 U R2 U'", 33, 593.393630027771)
INFO:root:("D2 R' L B' R' D' B F2 U2 L2 U' B2 D' L2 F2 D B2 D R F'", "U R2 L F L' F2 U' R' R2 U' D2 L U' D' L U D L' F2 D' L2 B2 U2 B2 U R2 B2 D L2 B2 D'", 31, 255.99310302734375)
INFO:root:("F2 U2 B' L2 U2 F' R2 B' D2 U2 F2 R' B' U2 B2 L D' U' B' D F", "U' F' D2 L' B R U' R' R2 U D L D R D' L D2 L2 D' R' U B2 D' R2 U' R2 F2 R2 F2 L2 U2 B2", 32, 653.4271869659424)
INFO:root:("F R D2 B2 R2 U2 R D2 U2 R U2 R' U' B' U2 L D L F2 L'", "U2 F' D' L' B R L' D L' U F2 D L' U' L R2 D' R2 U' L' U2 L R2 U2 B2 U' F2 U' D B2 L2 U R2 F2", 34, 1054.2039639949799)
INFO:root:("D' R L' U' D2 F2 L F U2 L2 B R2 U2 B2 D2 F D2 R2 B D' B'", "F' D L2 F' U' R B2 L U F2 U D2 R' U' L2 U2 D' R' D L2 U' R D' F2 L2 F2 D L2 D' F2 D L2 F2", 33, 393.8835561275482)
INFO:root:("U R' U' F L2 F D2 F' L' F2 U2 L2 D2 B' R2 F R2 F R2 F", "D2 L F' L U2 D' R R2 U D2 U' L' U D' R2 L2 D R2 U' L R2 L2 U L2 U' B2 U' D2 R2 U'", 30, 548.6149570941925)
INFO:root:("B' R' U B2 R2 B L2 U2 F2 D2 F2 U2 L2 U' L' D2 F' L D' B'", "B D' L' U' B' R' F2 D' L R2 U2 D' L' U' D L2 R2 U R2 D' L U' R2 D L2 F2 U' L2 U' F2 U' B2 D2", 33, 6260.111709833145)
INFO:root:("B' U2 L B' U2 D' L D2 B2 L2 D2 B' D2 B2 R2 U2 F2 D F2", "F2 D' F R' B R U F2 L' R2 U D2 R U2 D2 R' U2 D2 R' B2 L2 D2 L2 D' R2 U L2 U' L2 D F2 R2", 32, 2008.0906949043274)
INFO:root:("D B2 L' R2 D2 B2 L2 U' R2 F2 D' F2 D2 U B' L F D' U' B2 U'", '', 9001, 186.39898109436035)
INFO:root:("F2 R' U' B2 D2 F2 L2 D U2 L2 B2 U R2 F D U' R2 F L' D U2", "U B D2 L' F' D' L' U R R2 D2 R' U' R U2 R U' D R2 U R' F2 R2 D' F2 B2 U F2 D2 R2 D' B2 D' R2", 34, 825.0711350440979)
INFO:root:("B' D F2 L2 D F2 U' L2 B2 U2 F2 R' F' L2 R U' L2 U R", "D F U D2 B R' U' D R F2 U2 D R D L2 R' D R D2 L2 R' D B2 D F2 U B2 D' F2 R2 L2 U' L2", 33, 2883.248484134674)
INFO:root:("F2 R F2 D F2 R2 U2 F2 D B2 L2 D2 B' F' R' D' R' D2 L' D2", "D' L F B' R D R L' U' F2 U2 U' L' D' L' D2 L D' L U' R2 D L2 F2 D' R2 D2 F2 D B2 U B2 L2", 33, 486.91264486312866)
INFO:root:("F' D2 B2 R L2 F' L2 D' R U2 F2 R2 L2 D' F2 D' B2 R2 B2 R2", "U R B U D2 F D2 L' F2 L R2 D L U R U' L U2 L2 U' R' U' L2 F2 U R2 D' B2 D' R2 D' B2 U'", 33, 8430.553311109543)
